<?xml version="1.0" encoding="UTF-8"?>
<testsuite xmlns:xsi="http://www.w3.org/2001/XMLSchema-instance" xsi:noNamespaceSchemaLocation="https://maven.apache.org/surefire/maven-surefire-plugin/xsd/surefire-test-report.xsd" name="com.nadir.TestRSA" time="0.387" tests="8" errors="0" skipped="0" failures="0">
  <properties>
[...]
</properties>
  <testcase name="verificationOfReadingPublicKeyFromBase64" classname="com.nadir.TestRSA" time="0.15"/>
  <testcase name="verificationEncryptDecryptByKeyBase64" classname="com.nadir.TestRSA" time="0.065"/>
  <testcase name="verificationModifiedMessage" classname="com.nadir.TestRSA" time="0.035"/>
  <testcase name="verificationEncryptByCertificateDecryptByJKS" classname="com.nadir.TestRSA" time="0.031"/>
  <testcase name="verificationEncryptDecryptByPairKey" classname="com.nadir.TestRSA" time="0.016"/>
  <testcase name="verificationOfReadingPrivateKeyFromBase64" classname="com.nadir.TestRSA" time="0.032"/>
  <testcase name="verificationOfSignature" classname="com.nadir.TestRSA" time="0.021"/>
  <testcase name="verificationofFalseSignature" classname="com.nadir.TestRSA" time="0.015"/>
</testsuite>